2022-01-05 21:52:06.511  INFO 16972 --- [restartedMain] j.e.m.MailingServerApplication           : Starting MailingServerApplication using Java 1.8.0_202 on DESKTOP-MFJBM3L with PID 16972 (C:\Users\werty\3D Objects\flutterProject\herokuDeployments\mailing-server\target\classes started by werty in C:\Users\werty\3D Objects\flutterProject\herokuDeployments\mailing-server)
2022-01-05 21:52:06.512  INFO 16972 --- [restartedMain] j.e.m.MailingServerApplication           : No active profile set, falling back to default profiles: default
2022-01-05 21:52:06.555  INFO 16972 --- [restartedMain] .e.DevToolsPropertyDefaultsPostProcessor : Devtools property defaults active! Set 'spring.devtools.add-properties' to 'false' to disable
2022-01-05 21:52:06.555  INFO 16972 --- [restartedMain] .e.DevToolsPropertyDefaultsPostProcessor : For additional web related logging consider setting the 'logging.level.web' property to 'DEBUG'
2022-01-05 21:52:07.620  INFO 16972 --- [restartedMain] o.s.cloud.context.scope.GenericScope     : BeanFactory id=e55f0f90-f8dd-32bf-a4c4-f90f638df754
2022-01-05 21:52:08.159  INFO 16972 --- [restartedMain] o.s.b.w.embedded.tomcat.TomcatWebServer  : Tomcat initialized with port(s): 8080 (http)
2022-01-05 21:52:08.170  INFO 16972 --- [restartedMain] o.apache.catalina.core.StandardService   : Starting service [Tomcat]
2022-01-05 21:52:08.170  INFO 16972 --- [restartedMain] org.apache.catalina.core.StandardEngine  : Starting Servlet engine: [Apache Tomcat/9.0.56]
2022-01-05 21:52:08.299  INFO 16972 --- [restartedMain] o.a.c.c.C.[Tomcat].[localhost].[/]       : Initializing Spring embedded WebApplicationContext
2022-01-05 21:52:08.299  INFO 16972 --- [restartedMain] w.s.c.ServletWebServerApplicationContext : Root WebApplicationContext: initialization completed in 1743 ms
2022-01-05 21:52:10.165  INFO 16972 --- [restartedMain] o.s.cloud.commons.util.InetUtils         : Cannot determine local hostname
2022-01-05 21:52:10.798  INFO 16972 --- [restartedMain] o.s.b.d.a.OptionalLiveReloadServer       : LiveReload server is running on port 35729
2022-01-05 21:52:12.161  INFO 16972 --- [restartedMain] o.s.cloud.commons.util.InetUtils         : Cannot determine local hostname
2022-01-05 21:52:12.167  INFO 16972 --- [restartedMain] DiscoveryClientOptionalArgsConfiguration : Eureka HTTP Client uses RestTemplate.
2022-01-05 21:52:12.213  WARN 16972 --- [restartedMain] iguration$LoadBalancerCaffeineWarnLogger : Spring Cloud LoadBalancer is currently working with the default cache. You can switch to using Caffeine cache, by adding it and org.springframework.cache.caffeine.CaffeineCacheManager to the classpath.
2022-01-05 21:52:12.218  INFO 16972 --- [restartedMain] o.s.b.a.e.web.EndpointLinksResolver      : Exposing 17 endpoint(s) beneath base path '/actuator'
2022-01-05 21:52:12.299  INFO 16972 --- [restartedMain] o.s.c.n.eureka.InstanceInfoFactory       : Setting initial instance status as: STARTING
2022-01-05 21:52:12.341  INFO 16972 --- [restartedMain] com.netflix.discovery.DiscoveryClient    : Initializing Eureka in region us-east-1
2022-01-05 21:52:12.346  INFO 16972 --- [restartedMain] c.n.d.s.r.aws.ConfigClusterResolver      : Resolving eureka endpoints via configuration
2022-01-05 21:52:12.370  INFO 16972 --- [restartedMain] com.netflix.discovery.DiscoveryClient    : Disable delta property : false
2022-01-05 21:52:12.371  INFO 16972 --- [restartedMain] com.netflix.discovery.DiscoveryClient    : Single vip registry refresh property : null
2022-01-05 21:52:12.371  INFO 16972 --- [restartedMain] com.netflix.discovery.DiscoveryClient    : Force full registry fetch : false
2022-01-05 21:52:12.371  INFO 16972 --- [restartedMain] com.netflix.discovery.DiscoveryClient    : Application is null : false
2022-01-05 21:52:12.371  INFO 16972 --- [restartedMain] com.netflix.discovery.DiscoveryClient    : Registered Applications size is zero : true
2022-01-05 21:52:12.371  INFO 16972 --- [restartedMain] com.netflix.discovery.DiscoveryClient    : Application version is -1: true
2022-01-05 21:52:12.371  INFO 16972 --- [restartedMain] com.netflix.discovery.DiscoveryClient    : Getting all instance registry info from the eureka server
2022-01-05 21:52:16.418  INFO 16972 --- [restartedMain] com.netflix.discovery.DiscoveryClient    : The response status is 200
2022-01-05 21:52:16.421  INFO 16972 --- [restartedMain] com.netflix.discovery.DiscoveryClient    : Starting heartbeat executor: renew interval is: 30
2022-01-05 21:52:16.425  INFO 16972 --- [restartedMain] c.n.discovery.InstanceInfoReplicator     : InstanceInfoReplicator onDemand update allowed rate per min is 4
2022-01-05 21:52:16.430  INFO 16972 --- [restartedMain] com.netflix.discovery.DiscoveryClient    : Discovery Client initialized at timestamp 1641415936429 with initial instances count: 10
2022-01-05 21:52:16.431  INFO 16972 --- [restartedMain] o.s.c.n.e.s.EurekaServiceRegistry        : Registering application PARAMETRAGE-SERVICE with eureka with status UP
2022-01-05 21:52:16.431  INFO 16972 --- [restartedMain] com.netflix.discovery.DiscoveryClient    : Saw local status change event StatusChangeEvent [timestamp=1641415936431, current=UP, previous=STARTING]
2022-01-05 21:52:16.434  INFO 16972 --- [DiscoveryClient-InstanceInfoReplicator-0] com.netflix.discovery.DiscoveryClient    : DiscoveryClient_PARAMETRAGE-SERVICE/localhost:PARAMETRAGE-SERVICE: registering service...
2022-01-05 21:52:16.458  INFO 16972 --- [restartedMain] o.s.b.w.embedded.tomcat.TomcatWebServer  : Tomcat started on port(s): 8080 (http) with context path ''
2022-01-05 21:52:16.459  INFO 16972 --- [restartedMain] .s.c.n.e.s.EurekaAutoServiceRegistration : Updating port to 8080
2022-01-05 21:52:17.073  INFO 16972 --- [DiscoveryClient-InstanceInfoReplicator-0] com.netflix.discovery.DiscoveryClient    : DiscoveryClient_PARAMETRAGE-SERVICE/localhost:PARAMETRAGE-SERVICE - registration status: 204
2022-01-05 21:52:17.835  INFO 16972 --- [restartedMain] o.s.cloud.commons.util.InetUtils         : Cannot determine local hostname
2022-01-05 21:52:17.862  INFO 16972 --- [restartedMain] j.e.m.MailingServerApplication           : Started MailingServerApplication in 13.867 seconds (JVM running for 16.338)
2022-01-05 21:52:18.196  INFO 16972 --- [RMI TCP Connection(2)-172.29.48.1] o.a.c.c.C.[Tomcat].[localhost].[/]       : Initializing Spring DispatcherServlet 'dispatcherServlet'
2022-01-05 21:52:18.196  INFO 16972 --- [RMI TCP Connection(2)-172.29.48.1] o.s.web.servlet.DispatcherServlet        : Initializing Servlet 'dispatcherServlet'
2022-01-05 21:52:18.198  INFO 16972 --- [RMI TCP Connection(2)-172.29.48.1] o.s.web.servlet.DispatcherServlet        : Completed initialization in 1 ms
2022-01-05 21:52:37.808  INFO 16972 --- [registrationTask1] d.c.b.a.c.r.ApplicationRegistrator       : Application registered itself as b094fd7ae9b7
2022-01-05 21:52:52.909  WARN 16972 --- [registrationTask1] d.c.b.a.c.r.ApplicationRegistrator       : Failed to register application as Application(name=PARAMETRAGE-SERVICE, managementUrl=https://my-parametrage-service.herokuapp.com/actuator, healthUrl=https://my-parametrage-service.herokuapp.com/actuator/health, serviceUrl=https://my-parametrage-service.herokuapp.com) at spring-boot-admin ([https://my-admin-server.herokuapp.com/instances]): I/O error on POST request for "https://my-admin-server.herokuapp.com/instances": Read timed out; nested exception is java.net.SocketTimeoutException: Read timed out. Further attempts are logged on DEBUG level
2022-01-05 21:53:32.913  WARN 16972 --- [registrationTask1] d.c.b.a.c.r.ApplicationRegistrator       : Failed to register application as Application(name=PARAMETRAGE-SERVICE, managementUrl=https://my-parametrage-service.herokuapp.com/actuator, healthUrl=https://my-parametrage-service.herokuapp.com/actuator/health, serviceUrl=https://my-parametrage-service.herokuapp.com) at spring-boot-admin ([https://my-admin-server.herokuapp.com/instances]): I/O error on POST request for "https://my-admin-server.herokuapp.com/instances": Read timed out; nested exception is java.net.SocketTimeoutException: Read timed out. Further attempts are logged on DEBUG level
2022-01-05 21:53:59.402  WARN 16972 --- [DiscoveryClient-0] c.netflix.discovery.TimedSupervisorTask  : task supervisor timed out

java.util.concurrent.TimeoutException: null
	at java.util.concurrent.FutureTask.get(FutureTask.java:205) [na:1.8.0_202]
	at com.netflix.discovery.TimedSupervisorTask.run(TimedSupervisorTask.java:68) ~[eureka-client-1.10.14.jar:1.10.14]
	at java.util.concurrent.Executors$RunnableAdapter.call(Executors.java:511) [na:1.8.0_202]
	at java.util.concurrent.FutureTask.run(FutureTask.java:266) [na:1.8.0_202]
	at java.util.concurrent.ScheduledThreadPoolExecutor$ScheduledFutureTask.access$201(ScheduledThreadPoolExecutor.java:180) [na:1.8.0_202]
	at java.util.concurrent.ScheduledThreadPoolExecutor$ScheduledFutureTask.run(ScheduledThreadPoolExecutor.java:293) [na:1.8.0_202]
	at java.util.concurrent.ThreadPoolExecutor.runWorker(ThreadPoolExecutor.java:1149) [na:1.8.0_202]
	at java.util.concurrent.ThreadPoolExecutor$Worker.run(ThreadPoolExecutor.java:624) [na:1.8.0_202]
	at java.lang.Thread.run(Thread.java:748) [na:1.8.0_202]

2022-01-05 21:53:59.439  WARN 16972 --- [DiscoveryClient-1] c.netflix.discovery.TimedSupervisorTask  : task supervisor timed out

java.util.concurrent.TimeoutException: null
	at java.util.concurrent.FutureTask.get(FutureTask.java:205) [na:1.8.0_202]
	at com.netflix.discovery.TimedSupervisorTask.run(TimedSupervisorTask.java:68) ~[eureka-client-1.10.14.jar:1.10.14]
	at java.util.concurrent.Executors$RunnableAdapter.call(Executors.java:511) [na:1.8.0_202]
	at java.util.concurrent.FutureTask.run(FutureTask.java:266) [na:1.8.0_202]
	at java.util.concurrent.ScheduledThreadPoolExecutor$ScheduledFutureTask.access$201(ScheduledThreadPoolExecutor.java:180) [na:1.8.0_202]
	at java.util.concurrent.ScheduledThreadPoolExecutor$ScheduledFutureTask.run(ScheduledThreadPoolExecutor.java:293) [na:1.8.0_202]
	at java.util.concurrent.ThreadPoolExecutor.runWorker(ThreadPoolExecutor.java:1149) [na:1.8.0_202]
	at java.util.concurrent.ThreadPoolExecutor$Worker.run(ThreadPoolExecutor.java:624) [na:1.8.0_202]
	at java.lang.Thread.run(Thread.java:748) [na:1.8.0_202]

2022-01-05 21:57:12.381  INFO 16972 --- [AsyncResolver-bootstrap-executor-0] c.n.d.s.r.aws.ConfigClusterResolver      : Resolving eureka endpoints via configuration
2022-01-05 21:59:49.291  INFO 16972 --- [SpringApplicationShutdownHook] o.s.c.n.e.s.EurekaServiceRegistry        : Unregistering application PARAMETRAGE-SERVICE with eureka with status DOWN
2022-01-05 21:59:49.292  INFO 16972 --- [SpringApplicationShutdownHook] com.netflix.discovery.DiscoveryClient    : Saw local status change event StatusChangeEvent [timestamp=1641416389292, current=DOWN, previous=UP]
2022-01-05 21:59:49.292  INFO 16972 --- [DiscoveryClient-InstanceInfoReplicator-0] com.netflix.discovery.DiscoveryClient    : DiscoveryClient_PARAMETRAGE-SERVICE/localhost:PARAMETRAGE-SERVICE: registering service...
2022-01-05 21:59:49.406  INFO 16972 --- [DiscoveryClient-InstanceInfoReplicator-0] com.netflix.discovery.DiscoveryClient    : DiscoveryClient_PARAMETRAGE-SERVICE/localhost:PARAMETRAGE-SERVICE - registration status: 204
2022-01-05 21:59:49.719  INFO 16972 --- [SpringApplicationShutdownHook] com.netflix.discovery.DiscoveryClient    : Shutting down DiscoveryClient ...
2022-01-05 21:59:52.729  INFO 16972 --- [SpringApplicationShutdownHook] com.netflix.discovery.DiscoveryClient    : Unregistering ...
2022-01-05 21:59:52.845  INFO 16972 --- [SpringApplicationShutdownHook] com.netflix.discovery.DiscoveryClient    : DiscoveryClient_PARAMETRAGE-SERVICE/localhost:PARAMETRAGE-SERVICE - deregister  status: 200
2022-01-05 21:59:52.849  INFO 16972 --- [SpringApplicationShutdownHook] com.netflix.discovery.DiscoveryClient    : Completed shut down of DiscoveryClient
2022-01-05 22:00:27.519  INFO 16724 --- [restartedMain] j.e.m.MailingServerApplication           : Starting MailingServerApplication using Java 1.8.0_202 on DESKTOP-MFJBM3L with PID 16724 (C:\Users\werty\3D Objects\flutterProject\herokuDeployments\mailing-server\target\classes started by werty in C:\Users\werty\3D Objects\flutterProject\herokuDeployments\mailing-server)
2022-01-05 22:00:27.520  INFO 16724 --- [restartedMain] j.e.m.MailingServerApplication           : No active profile set, falling back to default profiles: default
2022-01-05 22:00:27.563  INFO 16724 --- [restartedMain] .e.DevToolsPropertyDefaultsPostProcessor : Devtools property defaults active! Set 'spring.devtools.add-properties' to 'false' to disable
2022-01-05 22:00:27.564  INFO 16724 --- [restartedMain] .e.DevToolsPropertyDefaultsPostProcessor : For additional web related logging consider setting the 'logging.level.web' property to 'DEBUG'
2022-01-05 22:00:28.548  INFO 16724 --- [restartedMain] o.s.cloud.context.scope.GenericScope     : BeanFactory id=e55f0f90-f8dd-32bf-a4c4-f90f638df754
2022-01-05 22:00:29.018  INFO 16724 --- [restartedMain] o.s.b.w.embedded.tomcat.TomcatWebServer  : Tomcat initialized with port(s): 8080 (http)
2022-01-05 22:00:29.026  INFO 16724 --- [restartedMain] o.apache.catalina.core.StandardService   : Starting service [Tomcat]
2022-01-05 22:00:29.026  INFO 16724 --- [restartedMain] org.apache.catalina.core.StandardEngine  : Starting Servlet engine: [Apache Tomcat/9.0.56]
2022-01-05 22:00:29.135  INFO 16724 --- [restartedMain] o.a.c.c.C.[Tomcat].[localhost].[/]       : Initializing Spring embedded WebApplicationContext
2022-01-05 22:00:29.135  INFO 16724 --- [restartedMain] w.s.c.ServletWebServerApplicationContext : Root WebApplicationContext: initialization completed in 1571 ms
2022-01-05 22:00:30.996  INFO 16724 --- [restartedMain] o.s.cloud.commons.util.InetUtils         : Cannot determine local hostname
2022-01-05 22:00:31.629  INFO 16724 --- [restartedMain] o.s.b.d.a.OptionalLiveReloadServer       : LiveReload server is running on port 35729
2022-01-05 22:00:33.003  INFO 16724 --- [restartedMain] o.s.cloud.commons.util.InetUtils         : Cannot determine local hostname
2022-01-05 22:00:33.008  INFO 16724 --- [restartedMain] DiscoveryClientOptionalArgsConfiguration : Eureka HTTP Client uses RestTemplate.
2022-01-05 22:00:33.063  WARN 16724 --- [restartedMain] iguration$LoadBalancerCaffeineWarnLogger : Spring Cloud LoadBalancer is currently working with the default cache. You can switch to using Caffeine cache, by adding it and org.springframework.cache.caffeine.CaffeineCacheManager to the classpath.
2022-01-05 22:00:33.068  INFO 16724 --- [restartedMain] o.s.b.a.e.web.EndpointLinksResolver      : Exposing 17 endpoint(s) beneath base path '/actuator'
2022-01-05 22:00:33.137  INFO 16724 --- [restartedMain] o.s.c.n.eureka.InstanceInfoFactory       : Setting initial instance status as: STARTING
2022-01-05 22:00:33.199  INFO 16724 --- [restartedMain] com.netflix.discovery.DiscoveryClient    : Initializing Eureka in region us-east-1
2022-01-05 22:00:33.204  INFO 16724 --- [restartedMain] c.n.d.s.r.aws.ConfigClusterResolver      : Resolving eureka endpoints via configuration
2022-01-05 22:00:33.225  INFO 16724 --- [restartedMain] com.netflix.discovery.DiscoveryClient    : Disable delta property : false
2022-01-05 22:00:33.226  INFO 16724 --- [restartedMain] com.netflix.discovery.DiscoveryClient    : Single vip registry refresh property : null
2022-01-05 22:00:33.226  INFO 16724 --- [restartedMain] com.netflix.discovery.DiscoveryClient    : Force full registry fetch : false
2022-01-05 22:00:33.226  INFO 16724 --- [restartedMain] com.netflix.discovery.DiscoveryClient    : Application is null : false
2022-01-05 22:00:33.226  INFO 16724 --- [restartedMain] com.netflix.discovery.DiscoveryClient    : Registered Applications size is zero : true
2022-01-05 22:00:33.226  INFO 16724 --- [restartedMain] com.netflix.discovery.DiscoveryClient    : Application version is -1: true
2022-01-05 22:00:33.226  INFO 16724 --- [restartedMain] com.netflix.discovery.DiscoveryClient    : Getting all instance registry info from the eureka server
2022-01-05 22:00:34.040  INFO 16724 --- [restartedMain] com.netflix.discovery.DiscoveryClient    : The response status is 200
2022-01-05 22:00:34.043  INFO 16724 --- [restartedMain] com.netflix.discovery.DiscoveryClient    : Starting heartbeat executor: renew interval is: 30
2022-01-05 22:00:34.045  INFO 16724 --- [restartedMain] c.n.discovery.InstanceInfoReplicator     : InstanceInfoReplicator onDemand update allowed rate per min is 4
2022-01-05 22:00:34.050  INFO 16724 --- [restartedMain] com.netflix.discovery.DiscoveryClient    : Discovery Client initialized at timestamp 1641416434049 with initial instances count: 10
2022-01-05 22:00:34.051  INFO 16724 --- [restartedMain] o.s.c.n.e.s.EurekaServiceRegistry        : Registering application PARAMETRAGE-SERVICE with eureka with status UP
2022-01-05 22:00:34.052  INFO 16724 --- [restartedMain] com.netflix.discovery.DiscoveryClient    : Saw local status change event StatusChangeEvent [timestamp=1641416434051, current=UP, previous=STARTING]
2022-01-05 22:00:34.055  INFO 16724 --- [DiscoveryClient-InstanceInfoReplicator-0] com.netflix.discovery.DiscoveryClient    : DiscoveryClient_PARAMETRAGE-SERVICE/localhost:PARAMETRAGE-SERVICE: registering service...
2022-01-05 22:00:34.077  INFO 16724 --- [restartedMain] o.s.b.w.embedded.tomcat.TomcatWebServer  : Tomcat started on port(s): 8080 (http) with context path ''
2022-01-05 22:00:34.078  INFO 16724 --- [restartedMain] .s.c.n.e.s.EurekaAutoServiceRegistration : Updating port to 8080
2022-01-05 22:00:34.615  INFO 16724 --- [DiscoveryClient-InstanceInfoReplicator-0] com.netflix.discovery.DiscoveryClient    : DiscoveryClient_PARAMETRAGE-SERVICE/localhost:PARAMETRAGE-SERVICE - registration status: 204
2022-01-05 22:00:35.482  INFO 16724 --- [restartedMain] o.s.cloud.commons.util.InetUtils         : Cannot determine local hostname
2022-01-05 22:00:35.496  INFO 16724 --- [restartedMain] j.e.m.MailingServerApplication           : Started MailingServerApplication in 9.872 seconds (JVM running for 11.102)
2022-01-05 22:00:36.062  INFO 16724 --- [RMI TCP Connection(2)-172.29.48.1] o.a.c.c.C.[Tomcat].[localhost].[/]       : Initializing Spring DispatcherServlet 'dispatcherServlet'
2022-01-05 22:00:36.062  INFO 16724 --- [RMI TCP Connection(2)-172.29.48.1] o.s.web.servlet.DispatcherServlet        : Initializing Servlet 'dispatcherServlet'
2022-01-05 22:00:36.064  INFO 16724 --- [RMI TCP Connection(2)-172.29.48.1] o.s.web.servlet.DispatcherServlet        : Completed initialization in 1 ms
2022-01-05 22:00:36.136  INFO 16724 --- [registrationTask1] d.c.b.a.c.r.ApplicationRegistrator       : Application registered itself as b094fd7ae9b7
2022-01-05 22:05:33.237  INFO 16724 --- [AsyncResolver-bootstrap-executor-0] c.n.d.s.r.aws.ConfigClusterResolver      : Resolving eureka endpoints via configuration
2022-01-05 22:10:33.246  INFO 16724 --- [AsyncResolver-bootstrap-executor-0] c.n.d.s.r.aws.ConfigClusterResolver      : Resolving eureka endpoints via configuration
2022-01-05 22:15:33.249  INFO 16724 --- [AsyncResolver-bootstrap-executor-0] c.n.d.s.r.aws.ConfigClusterResolver      : Resolving eureka endpoints via configuration
2022-01-05 22:20:33.255  INFO 16724 --- [AsyncResolver-bootstrap-executor-0] c.n.d.s.r.aws.ConfigClusterResolver      : Resolving eureka endpoints via configuration
2022-01-05 22:22:02.002  INFO 16724 --- [SpringApplicationShutdownHook] o.s.c.n.e.s.EurekaServiceRegistry        : Unregistering application PARAMETRAGE-SERVICE with eureka with status DOWN
2022-01-05 22:22:02.003  INFO 16724 --- [SpringApplicationShutdownHook] com.netflix.discovery.DiscoveryClient    : Saw local status change event StatusChangeEvent [timestamp=1641417722003, current=DOWN, previous=UP]
2022-01-05 22:22:02.004  INFO 16724 --- [DiscoveryClient-InstanceInfoReplicator-0] com.netflix.discovery.DiscoveryClient    : DiscoveryClient_PARAMETRAGE-SERVICE/localhost:PARAMETRAGE-SERVICE: registering service...
2022-01-05 22:22:02.117  INFO 16724 --- [DiscoveryClient-InstanceInfoReplicator-0] com.netflix.discovery.DiscoveryClient    : DiscoveryClient_PARAMETRAGE-SERVICE/localhost:PARAMETRAGE-SERVICE - registration status: 204
2022-01-05 22:22:02.299  INFO 16724 --- [SpringApplicationShutdownHook] com.netflix.discovery.DiscoveryClient    : Shutting down DiscoveryClient ...
2022-01-05 22:22:05.307  INFO 16724 --- [SpringApplicationShutdownHook] com.netflix.discovery.DiscoveryClient    : Unregistering ...
2022-01-05 22:22:05.423  INFO 16724 --- [SpringApplicationShutdownHook] com.netflix.discovery.DiscoveryClient    : DiscoveryClient_PARAMETRAGE-SERVICE/localhost:PARAMETRAGE-SERVICE - deregister  status: 200
2022-01-05 22:22:05.427  INFO 16724 --- [SpringApplicationShutdownHook] com.netflix.discovery.DiscoveryClient    : Completed shut down of DiscoveryClient
2022-01-05 22:22:13.255  INFO 13444 --- [restartedMain] j.e.m.MailingServerApplication           : Starting MailingServerApplication using Java 1.8.0_202 on DESKTOP-MFJBM3L with PID 13444 (C:\Users\werty\3D Objects\flutterProject\herokuDeployments\mailing-server\target\classes started by werty in C:\Users\werty\3D Objects\flutterProject\herokuDeployments\mailing-server)
2022-01-05 22:22:13.256  INFO 13444 --- [restartedMain] j.e.m.MailingServerApplication           : No active profile set, falling back to default profiles: default
2022-01-05 22:22:13.299  INFO 13444 --- [restartedMain] .e.DevToolsPropertyDefaultsPostProcessor : Devtools property defaults active! Set 'spring.devtools.add-properties' to 'false' to disable
2022-01-05 22:22:13.299  INFO 13444 --- [restartedMain] .e.DevToolsPropertyDefaultsPostProcessor : For additional web related logging consider setting the 'logging.level.web' property to 'DEBUG'
2022-01-05 22:22:14.388  INFO 13444 --- [restartedMain] o.s.cloud.context.scope.GenericScope     : BeanFactory id=e55f0f90-f8dd-32bf-a4c4-f90f638df754
2022-01-05 22:22:14.975  INFO 13444 --- [restartedMain] o.s.b.w.embedded.tomcat.TomcatWebServer  : Tomcat initialized with port(s): 8080 (http)
2022-01-05 22:22:14.994  INFO 13444 --- [restartedMain] o.apache.catalina.core.StandardService   : Starting service [Tomcat]
2022-01-05 22:22:14.994  INFO 13444 --- [restartedMain] org.apache.catalina.core.StandardEngine  : Starting Servlet engine: [Apache Tomcat/9.0.56]
2022-01-05 22:22:15.144  INFO 13444 --- [restartedMain] o.a.c.c.C.[Tomcat].[localhost].[/]       : Initializing Spring embedded WebApplicationContext
2022-01-05 22:22:15.144  INFO 13444 --- [restartedMain] w.s.c.ServletWebServerApplicationContext : Root WebApplicationContext: initialization completed in 1845 ms
2022-01-05 22:22:17.080  INFO 13444 --- [restartedMain] o.s.cloud.commons.util.InetUtils         : Cannot determine local hostname
2022-01-05 22:22:17.765  INFO 13444 --- [restartedMain] o.s.b.d.a.OptionalLiveReloadServer       : LiveReload server is running on port 35729
2022-01-05 22:22:19.139  INFO 13444 --- [restartedMain] o.s.cloud.commons.util.InetUtils         : Cannot determine local hostname
2022-01-05 22:22:19.146  INFO 13444 --- [restartedMain] DiscoveryClientOptionalArgsConfiguration : Eureka HTTP Client uses RestTemplate.
2022-01-05 22:22:19.192  WARN 13444 --- [restartedMain] iguration$LoadBalancerCaffeineWarnLogger : Spring Cloud LoadBalancer is currently working with the default cache. You can switch to using Caffeine cache, by adding it and org.springframework.cache.caffeine.CaffeineCacheManager to the classpath.
2022-01-05 22:22:19.197  INFO 13444 --- [restartedMain] o.s.b.a.e.web.EndpointLinksResolver      : Exposing 17 endpoint(s) beneath base path '/actuator'
2022-01-05 22:22:19.270  INFO 13444 --- [restartedMain] o.s.c.n.eureka.InstanceInfoFactory       : Setting initial instance status as: STARTING
2022-01-05 22:22:19.334  INFO 13444 --- [restartedMain] com.netflix.discovery.DiscoveryClient    : Initializing Eureka in region us-east-1
2022-01-05 22:22:19.339  INFO 13444 --- [restartedMain] c.n.d.s.r.aws.ConfigClusterResolver      : Resolving eureka endpoints via configuration
2022-01-05 22:22:19.360  INFO 13444 --- [restartedMain] com.netflix.discovery.DiscoveryClient    : Disable delta property : false
2022-01-05 22:22:19.360  INFO 13444 --- [restartedMain] com.netflix.discovery.DiscoveryClient    : Single vip registry refresh property : null
2022-01-05 22:22:19.360  INFO 13444 --- [restartedMain] com.netflix.discovery.DiscoveryClient    : Force full registry fetch : false
2022-01-05 22:22:19.360  INFO 13444 --- [restartedMain] com.netflix.discovery.DiscoveryClient    : Application is null : false
2022-01-05 22:22:19.360  INFO 13444 --- [restartedMain] com.netflix.discovery.DiscoveryClient    : Registered Applications size is zero : true
2022-01-05 22:22:19.360  INFO 13444 --- [restartedMain] com.netflix.discovery.DiscoveryClient    : Application version is -1: true
2022-01-05 22:22:19.360  INFO 13444 --- [restartedMain] com.netflix.discovery.DiscoveryClient    : Getting all instance registry info from the eureka server
2022-01-05 22:22:20.228  INFO 13444 --- [restartedMain] com.netflix.discovery.DiscoveryClient    : The response status is 200
2022-01-05 22:22:20.231  INFO 13444 --- [restartedMain] com.netflix.discovery.DiscoveryClient    : Starting heartbeat executor: renew interval is: 30
2022-01-05 22:22:20.233  INFO 13444 --- [restartedMain] c.n.discovery.InstanceInfoReplicator     : InstanceInfoReplicator onDemand update allowed rate per min is 4
2022-01-05 22:22:20.239  INFO 13444 --- [restartedMain] com.netflix.discovery.DiscoveryClient    : Discovery Client initialized at timestamp 1641417740237 with initial instances count: 10
2022-01-05 22:22:20.240  INFO 13444 --- [restartedMain] o.s.c.n.e.s.EurekaServiceRegistry        : Registering application PARAMETRAGE-SERVICE with eureka with status UP
2022-01-05 22:22:20.240  INFO 13444 --- [restartedMain] com.netflix.discovery.DiscoveryClient    : Saw local status change event StatusChangeEvent [timestamp=1641417740240, current=UP, previous=STARTING]
2022-01-05 22:22:20.243  INFO 13444 --- [DiscoveryClient-InstanceInfoReplicator-0] com.netflix.discovery.DiscoveryClient    : DiscoveryClient_PARAMETRAGE-SERVICE/localhost:PARAMETRAGE-SERVICE: registering service...
2022-01-05 22:22:20.265  INFO 13444 --- [restartedMain] o.s.b.w.embedded.tomcat.TomcatWebServer  : Tomcat started on port(s): 8080 (http) with context path ''
2022-01-05 22:22:20.266  INFO 13444 --- [restartedMain] .s.c.n.e.s.EurekaAutoServiceRegistration : Updating port to 8080
2022-01-05 22:22:20.730  INFO 13444 --- [DiscoveryClient-InstanceInfoReplicator-0] com.netflix.discovery.DiscoveryClient    : DiscoveryClient_PARAMETRAGE-SERVICE/localhost:PARAMETRAGE-SERVICE - registration status: 204
2022-01-05 22:22:21.639  INFO 13444 --- [restartedMain] o.s.cloud.commons.util.InetUtils         : Cannot determine local hostname
2022-01-05 22:22:21.656  INFO 13444 --- [restartedMain] j.e.m.MailingServerApplication           : Started MailingServerApplication in 10.387 seconds (JVM running for 11.488)
2022-01-05 22:22:22.117  INFO 13444 --- [RMI TCP Connection(3)-172.29.48.1] o.a.c.c.C.[Tomcat].[localhost].[/]       : Initializing Spring DispatcherServlet 'dispatcherServlet'
2022-01-05 22:22:22.118  INFO 13444 --- [RMI TCP Connection(3)-172.29.48.1] o.s.web.servlet.DispatcherServlet        : Initializing Servlet 'dispatcherServlet'
2022-01-05 22:22:22.120  INFO 13444 --- [RMI TCP Connection(3)-172.29.48.1] o.s.web.servlet.DispatcherServlet        : Completed initialization in 2 ms
2022-01-05 22:22:22.186  INFO 13444 --- [registrationTask1] d.c.b.a.c.r.ApplicationRegistrator       : Application registered itself as b094fd7ae9b7
2022-01-05 22:26:29.608  INFO 13444 --- [SpringApplicationShutdownHook] o.s.c.n.e.s.EurekaServiceRegistry        : Unregistering application PARAMETRAGE-SERVICE with eureka with status DOWN
2022-01-05 22:26:29.608  INFO 13444 --- [SpringApplicationShutdownHook] com.netflix.discovery.DiscoveryClient    : Saw local status change event StatusChangeEvent [timestamp=1641417989608, current=DOWN, previous=UP]
2022-01-05 22:26:29.608  INFO 13444 --- [DiscoveryClient-InstanceInfoReplicator-0] com.netflix.discovery.DiscoveryClient    : DiscoveryClient_PARAMETRAGE-SERVICE/localhost:PARAMETRAGE-SERVICE: registering service...
2022-01-05 22:26:29.727  INFO 13444 --- [DiscoveryClient-InstanceInfoReplicator-0] com.netflix.discovery.DiscoveryClient    : DiscoveryClient_PARAMETRAGE-SERVICE/localhost:PARAMETRAGE-SERVICE - registration status: 204
2022-01-05 22:26:29.885  INFO 13444 --- [SpringApplicationShutdownHook] com.netflix.discovery.DiscoveryClient    : Shutting down DiscoveryClient ...
2022-01-05 22:26:32.899  INFO 13444 --- [SpringApplicationShutdownHook] com.netflix.discovery.DiscoveryClient    : Unregistering ...
2022-01-05 22:26:33.089  INFO 13444 --- [SpringApplicationShutdownHook] com.netflix.discovery.DiscoveryClient    : DiscoveryClient_PARAMETRAGE-SERVICE/localhost:PARAMETRAGE-SERVICE - deregister  status: 200
2022-01-05 22:26:33.094  INFO 13444 --- [SpringApplicationShutdownHook] com.netflix.discovery.DiscoveryClient    : Completed shut down of DiscoveryClient
2022-01-05 22:26:40.480  INFO 3156 --- [restartedMain] j.e.m.MailingServerApplication           : Starting MailingServerApplication using Java 1.8.0_202 on DESKTOP-MFJBM3L with PID 3156 (C:\Users\werty\3D Objects\flutterProject\herokuDeployments\mailing-server\target\classes started by werty in C:\Users\werty\3D Objects\flutterProject\herokuDeployments\mailing-server)
2022-01-05 22:26:40.481  INFO 3156 --- [restartedMain] j.e.m.MailingServerApplication           : No active profile set, falling back to default profiles: default
2022-01-05 22:26:40.525  INFO 3156 --- [restartedMain] .e.DevToolsPropertyDefaultsPostProcessor : Devtools property defaults active! Set 'spring.devtools.add-properties' to 'false' to disable
2022-01-05 22:26:40.525  INFO 3156 --- [restartedMain] .e.DevToolsPropertyDefaultsPostProcessor : For additional web related logging consider setting the 'logging.level.web' property to 'DEBUG'
2022-01-05 22:26:41.477  INFO 3156 --- [restartedMain] o.s.cloud.context.scope.GenericScope     : BeanFactory id=e55f0f90-f8dd-32bf-a4c4-f90f638df754
2022-01-05 22:26:41.948  INFO 3156 --- [restartedMain] o.s.b.w.embedded.tomcat.TomcatWebServer  : Tomcat initialized with port(s): 8080 (http)
2022-01-05 22:26:41.977  INFO 3156 --- [restartedMain] o.apache.catalina.core.StandardService   : Starting service [Tomcat]
2022-01-05 22:26:41.977  INFO 3156 --- [restartedMain] org.apache.catalina.core.StandardEngine  : Starting Servlet engine: [Apache Tomcat/9.0.56]
2022-01-05 22:26:42.094  INFO 3156 --- [restartedMain] o.a.c.c.C.[Tomcat].[localhost].[/]       : Initializing Spring embedded WebApplicationContext
2022-01-05 22:26:42.095  INFO 3156 --- [restartedMain] w.s.c.ServletWebServerApplicationContext : Root WebApplicationContext: initialization completed in 1569 ms
2022-01-05 22:26:43.974  INFO 3156 --- [restartedMain] o.s.cloud.commons.util.InetUtils         : Cannot determine local hostname
2022-01-05 22:26:44.611  INFO 3156 --- [restartedMain] o.s.b.d.a.OptionalLiveReloadServer       : LiveReload server is running on port 35729
2022-01-05 22:26:45.985  INFO 3156 --- [restartedMain] o.s.cloud.commons.util.InetUtils         : Cannot determine local hostname
2022-01-05 22:26:45.990  INFO 3156 --- [restartedMain] DiscoveryClientOptionalArgsConfiguration : Eureka HTTP Client uses RestTemplate.
2022-01-05 22:26:46.033  WARN 3156 --- [restartedMain] iguration$LoadBalancerCaffeineWarnLogger : Spring Cloud LoadBalancer is currently working with the default cache. You can switch to using Caffeine cache, by adding it and org.springframework.cache.caffeine.CaffeineCacheManager to the classpath.
2022-01-05 22:26:46.038  INFO 3156 --- [restartedMain] o.s.b.a.e.web.EndpointLinksResolver      : Exposing 17 endpoint(s) beneath base path '/actuator'
2022-01-05 22:26:46.115  INFO 3156 --- [restartedMain] o.s.c.n.eureka.InstanceInfoFactory       : Setting initial instance status as: STARTING
2022-01-05 22:26:46.149  INFO 3156 --- [restartedMain] com.netflix.discovery.DiscoveryClient    : Initializing Eureka in region us-east-1
2022-01-05 22:26:46.153  INFO 3156 --- [restartedMain] c.n.d.s.r.aws.ConfigClusterResolver      : Resolving eureka endpoints via configuration
2022-01-05 22:26:46.175  INFO 3156 --- [restartedMain] com.netflix.discovery.DiscoveryClient    : Disable delta property : false
2022-01-05 22:26:46.175  INFO 3156 --- [restartedMain] com.netflix.discovery.DiscoveryClient    : Single vip registry refresh property : null
2022-01-05 22:26:46.175  INFO 3156 --- [restartedMain] com.netflix.discovery.DiscoveryClient    : Force full registry fetch : false
2022-01-05 22:26:46.175  INFO 3156 --- [restartedMain] com.netflix.discovery.DiscoveryClient    : Application is null : false
2022-01-05 22:26:46.175  INFO 3156 --- [restartedMain] com.netflix.discovery.DiscoveryClient    : Registered Applications size is zero : true
2022-01-05 22:26:46.176  INFO 3156 --- [restartedMain] com.netflix.discovery.DiscoveryClient    : Application version is -1: true
2022-01-05 22:26:46.176  INFO 3156 --- [restartedMain] com.netflix.discovery.DiscoveryClient    : Getting all instance registry info from the eureka server
2022-01-05 22:26:47.176  INFO 3156 --- [restartedMain] com.netflix.discovery.DiscoveryClient    : The response status is 200
2022-01-05 22:26:47.179  INFO 3156 --- [restartedMain] com.netflix.discovery.DiscoveryClient    : Starting heartbeat executor: renew interval is: 30
2022-01-05 22:26:47.181  INFO 3156 --- [restartedMain] c.n.discovery.InstanceInfoReplicator     : InstanceInfoReplicator onDemand update allowed rate per min is 4
2022-01-05 22:26:47.185  INFO 3156 --- [restartedMain] com.netflix.discovery.DiscoveryClient    : Discovery Client initialized at timestamp 1641418007184 with initial instances count: 10
2022-01-05 22:26:47.186  INFO 3156 --- [restartedMain] o.s.c.n.e.s.EurekaServiceRegistry        : Registering application PARAMETRAGE-SERVICE with eureka with status UP
2022-01-05 22:26:47.187  INFO 3156 --- [restartedMain] com.netflix.discovery.DiscoveryClient    : Saw local status change event StatusChangeEvent [timestamp=1641418007187, current=UP, previous=STARTING]
2022-01-05 22:26:47.190  INFO 3156 --- [DiscoveryClient-InstanceInfoReplicator-0] com.netflix.discovery.DiscoveryClient    : DiscoveryClient_PARAMETRAGE-SERVICE/localhost:PARAMETRAGE-SERVICE: registering service...
2022-01-05 22:26:47.213  INFO 3156 --- [restartedMain] o.s.b.w.embedded.tomcat.TomcatWebServer  : Tomcat started on port(s): 8080 (http) with context path ''
2022-01-05 22:26:47.214  INFO 3156 --- [restartedMain] .s.c.n.e.s.EurekaAutoServiceRegistration : Updating port to 8080
2022-01-05 22:26:47.623  INFO 3156 --- [DiscoveryClient-InstanceInfoReplicator-0] com.netflix.discovery.DiscoveryClient    : DiscoveryClient_PARAMETRAGE-SERVICE/localhost:PARAMETRAGE-SERVICE - registration status: 204
2022-01-05 22:26:48.659  INFO 3156 --- [restartedMain] o.s.cloud.commons.util.InetUtils         : Cannot determine local hostname
2022-01-05 22:26:48.674  INFO 3156 --- [restartedMain] j.e.m.MailingServerApplication           : Started MailingServerApplication in 10.639 seconds (JVM running for 12.707)
2022-01-05 22:26:48.899  INFO 3156 --- [RMI TCP Connection(1)-172.29.48.1] o.a.c.c.C.[Tomcat].[localhost].[/]       : Initializing Spring DispatcherServlet 'dispatcherServlet'
2022-01-05 22:26:48.899  INFO 3156 --- [RMI TCP Connection(1)-172.29.48.1] o.s.web.servlet.DispatcherServlet        : Initializing Servlet 'dispatcherServlet'
2022-01-05 22:26:48.902  INFO 3156 --- [RMI TCP Connection(1)-172.29.48.1] o.s.web.servlet.DispatcherServlet        : Completed initialization in 2 ms
2022-01-05 22:26:49.245  INFO 3156 --- [registrationTask1] d.c.b.a.c.r.ApplicationRegistrator       : Application registered itself as b094fd7ae9b7
2022-01-05 22:27:36.745  INFO 3156 --- [SpringApplicationShutdownHook] o.s.c.n.e.s.EurekaServiceRegistry        : Unregistering application PARAMETRAGE-SERVICE with eureka with status DOWN
2022-01-05 22:27:36.746  INFO 3156 --- [SpringApplicationShutdownHook] com.netflix.discovery.DiscoveryClient    : Saw local status change event StatusChangeEvent [timestamp=1641418056746, current=DOWN, previous=UP]
2022-01-05 22:27:36.747  INFO 3156 --- [DiscoveryClient-InstanceInfoReplicator-0] com.netflix.discovery.DiscoveryClient    : DiscoveryClient_PARAMETRAGE-SERVICE/localhost:PARAMETRAGE-SERVICE: registering service...
2022-01-05 22:27:36.862  INFO 3156 --- [DiscoveryClient-InstanceInfoReplicator-0] com.netflix.discovery.DiscoveryClient    : DiscoveryClient_PARAMETRAGE-SERVICE/localhost:PARAMETRAGE-SERVICE - registration status: 204
2022-01-05 22:27:37.101  INFO 3156 --- [SpringApplicationShutdownHook] com.netflix.discovery.DiscoveryClient    : Shutting down DiscoveryClient ...
2022-01-05 22:27:40.104  INFO 3156 --- [SpringApplicationShutdownHook] com.netflix.discovery.DiscoveryClient    : Unregistering ...
2022-01-05 22:27:40.221  INFO 3156 --- [SpringApplicationShutdownHook] com.netflix.discovery.DiscoveryClient    : DiscoveryClient_PARAMETRAGE-SERVICE/localhost:PARAMETRAGE-SERVICE - deregister  status: 200
2022-01-05 22:27:40.224  INFO 3156 --- [SpringApplicationShutdownHook] com.netflix.discovery.DiscoveryClient    : Completed shut down of DiscoveryClient
2022-01-05 22:27:48.364  INFO 1308 --- [restartedMain] j.e.m.MailingServerApplication           : Starting MailingServerApplication using Java 1.8.0_202 on DESKTOP-MFJBM3L with PID 1308 (C:\Users\werty\3D Objects\flutterProject\herokuDeployments\mailing-server\target\classes started by werty in C:\Users\werty\3D Objects\flutterProject\herokuDeployments\mailing-server)
2022-01-05 22:27:48.365  INFO 1308 --- [restartedMain] j.e.m.MailingServerApplication           : No active profile set, falling back to default profiles: default
2022-01-05 22:27:48.408  INFO 1308 --- [restartedMain] .e.DevToolsPropertyDefaultsPostProcessor : Devtools property defaults active! Set 'spring.devtools.add-properties' to 'false' to disable
2022-01-05 22:27:48.408  INFO 1308 --- [restartedMain] .e.DevToolsPropertyDefaultsPostProcessor : For additional web related logging consider setting the 'logging.level.web' property to 'DEBUG'
2022-01-05 22:27:49.379  INFO 1308 --- [restartedMain] o.s.cloud.context.scope.GenericScope     : BeanFactory id=e55f0f90-f8dd-32bf-a4c4-f90f638df754
2022-01-05 22:27:49.796  INFO 1308 --- [restartedMain] o.s.b.w.embedded.tomcat.TomcatWebServer  : Tomcat initialized with port(s): 8080 (http)
2022-01-05 22:27:49.803  INFO 1308 --- [restartedMain] o.apache.catalina.core.StandardService   : Starting service [Tomcat]
2022-01-05 22:27:49.803  INFO 1308 --- [restartedMain] org.apache.catalina.core.StandardEngine  : Starting Servlet engine: [Apache Tomcat/9.0.56]
2022-01-05 22:27:49.926  INFO 1308 --- [restartedMain] o.a.c.c.C.[Tomcat].[localhost].[/]       : Initializing Spring embedded WebApplicationContext
2022-01-05 22:27:49.927  INFO 1308 --- [restartedMain] w.s.c.ServletWebServerApplicationContext : Root WebApplicationContext: initialization completed in 1518 ms
2022-01-05 22:27:51.762  INFO 1308 --- [restartedMain] o.s.cloud.commons.util.InetUtils         : Cannot determine local hostname
2022-01-05 22:27:52.357  INFO 1308 --- [restartedMain] o.s.b.d.a.OptionalLiveReloadServer       : LiveReload server is running on port 35729
2022-01-05 22:27:53.917  INFO 1308 --- [restartedMain] o.s.cloud.commons.util.InetUtils         : Cannot determine local hostname
2022-01-05 22:27:53.923  INFO 1308 --- [restartedMain] DiscoveryClientOptionalArgsConfiguration : Eureka HTTP Client uses RestTemplate.
2022-01-05 22:27:53.970  WARN 1308 --- [restartedMain] iguration$LoadBalancerCaffeineWarnLogger : Spring Cloud LoadBalancer is currently working with the default cache. You can switch to using Caffeine cache, by adding it and org.springframework.cache.caffeine.CaffeineCacheManager to the classpath.
2022-01-05 22:27:53.974  INFO 1308 --- [restartedMain] o.s.b.a.e.web.EndpointLinksResolver      : Exposing 17 endpoint(s) beneath base path '/actuator'
2022-01-05 22:27:54.120  INFO 1308 --- [restartedMain] o.s.c.n.eureka.InstanceInfoFactory       : Setting initial instance status as: STARTING
2022-01-05 22:27:54.158  INFO 1308 --- [restartedMain] com.netflix.discovery.DiscoveryClient    : Initializing Eureka in region us-east-1
2022-01-05 22:27:54.164  INFO 1308 --- [restartedMain] c.n.d.s.r.aws.ConfigClusterResolver      : Resolving eureka endpoints via configuration
2022-01-05 22:27:54.190  INFO 1308 --- [restartedMain] com.netflix.discovery.DiscoveryClient    : Disable delta property : false
2022-01-05 22:27:54.191  INFO 1308 --- [restartedMain] com.netflix.discovery.DiscoveryClient    : Single vip registry refresh property : null
2022-01-05 22:27:54.191  INFO 1308 --- [restartedMain] com.netflix.discovery.DiscoveryClient    : Force full registry fetch : false
2022-01-05 22:27:54.191  INFO 1308 --- [restartedMain] com.netflix.discovery.DiscoveryClient    : Application is null : false
2022-01-05 22:27:54.191  INFO 1308 --- [restartedMain] com.netflix.discovery.DiscoveryClient    : Registered Applications size is zero : true
2022-01-05 22:27:54.192  INFO 1308 --- [restartedMain] com.netflix.discovery.DiscoveryClient    : Application version is -1: true
2022-01-05 22:27:54.192  INFO 1308 --- [restartedMain] com.netflix.discovery.DiscoveryClient    : Getting all instance registry info from the eureka server
2022-01-05 22:27:54.993  INFO 1308 --- [restartedMain] com.netflix.discovery.DiscoveryClient    : The response status is 200
2022-01-05 22:27:54.996  INFO 1308 --- [restartedMain] com.netflix.discovery.DiscoveryClient    : Starting heartbeat executor: renew interval is: 30
2022-01-05 22:27:54.999  INFO 1308 --- [restartedMain] c.n.discovery.InstanceInfoReplicator     : InstanceInfoReplicator onDemand update allowed rate per min is 4
2022-01-05 22:27:55.004  INFO 1308 --- [restartedMain] com.netflix.discovery.DiscoveryClient    : Discovery Client initialized at timestamp 1641418075003 with initial instances count: 10
2022-01-05 22:27:55.005  INFO 1308 --- [restartedMain] o.s.c.n.e.s.EurekaServiceRegistry        : Registering application PARAMETRAGE-SERVICE with eureka with status UP
2022-01-05 22:27:55.005  INFO 1308 --- [restartedMain] com.netflix.discovery.DiscoveryClient    : Saw local status change event StatusChangeEvent [timestamp=1641418075005, current=UP, previous=STARTING]
2022-01-05 22:27:55.008  INFO 1308 --- [DiscoveryClient-InstanceInfoReplicator-0] com.netflix.discovery.DiscoveryClient    : DiscoveryClient_PARAMETRAGE-SERVICE/localhost:PARAMETRAGE-SERVICE: registering service...
2022-01-05 22:27:55.031  INFO 1308 --- [restartedMain] o.s.b.w.embedded.tomcat.TomcatWebServer  : Tomcat started on port(s): 8080 (http) with context path ''
2022-01-05 22:27:55.032  INFO 1308 --- [restartedMain] .s.c.n.e.s.EurekaAutoServiceRegistration : Updating port to 8080
2022-01-05 22:27:55.465  INFO 1308 --- [DiscoveryClient-InstanceInfoReplicator-0] com.netflix.discovery.DiscoveryClient    : DiscoveryClient_PARAMETRAGE-SERVICE/localhost:PARAMETRAGE-SERVICE - registration status: 204
2022-01-05 22:27:56.428  INFO 1308 --- [restartedMain] o.s.cloud.commons.util.InetUtils         : Cannot determine local hostname
2022-01-05 22:27:56.499  INFO 1308 --- [restartedMain] j.e.m.MailingServerApplication           : Started MailingServerApplication in 10.059 seconds (JVM running for 11.271)
2022-01-05 22:27:57.234  INFO 1308 --- [registrationTask1] d.c.b.a.c.r.ApplicationRegistrator       : Application registered itself as b094fd7ae9b7
2022-01-05 22:27:58.564  INFO 1308 --- [RMI TCP Connection(4)-172.29.48.1] o.a.c.c.C.[Tomcat].[localhost].[/]       : Initializing Spring DispatcherServlet 'dispatcherServlet'
2022-01-05 22:27:58.564  INFO 1308 --- [RMI TCP Connection(4)-172.29.48.1] o.s.web.servlet.DispatcherServlet        : Initializing Servlet 'dispatcherServlet'
2022-01-05 22:27:58.566  INFO 1308 --- [RMI TCP Connection(4)-172.29.48.1] o.s.web.servlet.DispatcherServlet        : Completed initialization in 1 ms
2022-01-05 22:32:54.200  INFO 1308 --- [AsyncResolver-bootstrap-executor-0] c.n.d.s.r.aws.ConfigClusterResolver      : Resolving eureka endpoints via configuration
2022-01-05 22:37:54.209  INFO 1308 --- [AsyncResolver-bootstrap-executor-0] c.n.d.s.r.aws.ConfigClusterResolver      : Resolving eureka endpoints via configuration
2022-01-05 22:42:54.219  INFO 1308 --- [AsyncResolver-bootstrap-executor-0] c.n.d.s.r.aws.ConfigClusterResolver      : Resolving eureka endpoints via configuration
2022-01-05 22:47:54.234  INFO 1308 --- [AsyncResolver-bootstrap-executor-0] c.n.d.s.r.aws.ConfigClusterResolver      : Resolving eureka endpoints via configuration
2022-01-05 22:52:54.238  INFO 1308 --- [AsyncResolver-bootstrap-executor-0] c.n.d.s.r.aws.ConfigClusterResolver      : Resolving eureka endpoints via configuration
2022-01-05 22:53:20.222  INFO 1308 --- [SpringApplicationShutdownHook] o.s.c.n.e.s.EurekaServiceRegistry        : Unregistering application PARAMETRAGE-SERVICE with eureka with status DOWN
2022-01-05 22:53:20.223  INFO 1308 --- [SpringApplicationShutdownHook] com.netflix.discovery.DiscoveryClient    : Saw local status change event StatusChangeEvent [timestamp=1641419600223, current=DOWN, previous=UP]
2022-01-05 22:53:20.224  INFO 1308 --- [DiscoveryClient-InstanceInfoReplicator-0] com.netflix.discovery.DiscoveryClient    : DiscoveryClient_PARAMETRAGE-SERVICE/localhost:PARAMETRAGE-SERVICE: registering service...
2022-01-05 22:53:20.693  INFO 1308 --- [DiscoveryClient-InstanceInfoReplicator-0] com.netflix.discovery.DiscoveryClient    : DiscoveryClient_PARAMETRAGE-SERVICE/localhost:PARAMETRAGE-SERVICE - registration status: 204
2022-01-05 22:53:20.724  INFO 1308 --- [SpringApplicationShutdownHook] com.netflix.discovery.DiscoveryClient    : Shutting down DiscoveryClient ...
2022-01-05 22:53:23.734  INFO 1308 --- [SpringApplicationShutdownHook] com.netflix.discovery.DiscoveryClient    : Unregistering ...
2022-01-05 22:53:23.849  INFO 1308 --- [SpringApplicationShutdownHook] com.netflix.discovery.DiscoveryClient    : DiscoveryClient_PARAMETRAGE-SERVICE/localhost:PARAMETRAGE-SERVICE - deregister  status: 200
2022-01-05 22:53:23.858  INFO 1308 --- [SpringApplicationShutdownHook] com.netflix.discovery.DiscoveryClient    : Completed shut down of DiscoveryClient
